0 info it worked if it ends with ok
1 verbose cli [ 'C:\\Program Files (x86)\\nodejs\\\\node.exe',
1 verbose cli   'C:\\Program Files (x86)\\nodejs\\node_modules\\npm\\bin\\npm-cli.js',
1 verbose cli   'install',
1 verbose cli   '-',
1 verbose cli   'yarnpkg' ]
2 info using npm@2.7.4
3 info using node@v0.12.2
4 verbose node symlink C:\Program Files (x86)\nodejs\\node.exe
5 warn package.json SBG@1.0.0 No README data
6 silly cache add args [ '-', null ]
7 verbose cache add spec -
8 silly cache add args [ 'yarnpkg', null ]
9 verbose cache add spec yarnpkg
10 silly cache add parsed spec { raw: '-',
10 silly cache add   scope: null,
10 silly cache add   name: null,
10 silly cache add   rawSpec: '-',
10 silly cache add   spec: 'C:\\Users\\u1274217\\source\\repos\\SBG\\-',
10 silly cache add   type: 'local' }
11 silly cache add parsed spec { raw: 'yarnpkg',
11 silly cache add   scope: null,
11 silly cache add   name: 'yarnpkg',
11 silly cache add   rawSpec: '',
11 silly cache add   spec: '*',
11 silly cache add   type: 'range' }
12 verbose addNamed yarnpkg@*
13 silly addNamed semver.valid null
14 silly addNamed semver.validRange *
15 silly addNameRange { name: 'yarnpkg', range: '*', hasData: false }
16 silly mapToRegistry name yarnpkg
17 silly mapToRegistry using default registry
18 silly mapToRegistry registry https://registry.npmjs.org/
19 silly mapToRegistry uri https://registry.npmjs.org/yarnpkg
20 verbose addNameRange registry:https://registry.npmjs.org/yarnpkg not in flight; fetching
21 error addLocal Could not install C:\Users\u1274217\source\repos\SBG\-
22 verbose request uri https://registry.npmjs.org/yarnpkg
23 verbose request no auth needed
24 info attempt registry request try #1 at 5:15:49 PM
25 verbose request id 07ac78d4c0fb253a
26 http request GET https://registry.npmjs.org/yarnpkg
27 http 200 https://registry.npmjs.org/yarnpkg
28 silly get cb [ 200,
28 silly get   { date: 'Sat, 07 Sep 2019 23:15:49 GMT',
28 silly get     'content-type': 'application/json; charset=UTF-8',
28 silly get     'transfer-encoding': 'chunked',
28 silly get     connection: 'keep-alive',
28 silly get     'set-cookie': [ '__cfduid=d4e0f3524905758d0de159fba4c8127711567898149; expires=Sun, 06-Sep-20 23:15:49 GMT; path=/; domain=.npmjs.org; HttpOnly' ],
28 silly get     'cf-cache-status': 'MISS',
28 silly get     'cache-control': 'max-age=300',
28 silly get     'cf-ray': '512c6308f978a044-SLC',
28 silly get     etag: 'W/"596dc56114facf5e0e01c5d72d907936"',
28 silly get     'expect-ct': 'max-age=604800, report-uri="https://report-uri.cloudflare.com/cdn-cgi/beacon/expect-ct"',
28 silly get     'last-modified': 'Sun, 27 May 2018 22:36:23 GMT',
28 silly get     vary: 'accept-encoding, accept',
28 silly get     server: 'cloudflare',
28 silly get     'content-encoding': 'gzip' } ]
29 verbose get saving yarnpkg to C:\Users\u1274217\AppData\Roaming\npm-cache\registry.npmjs.org\yarnpkg\.cache.json
30 silly addNameRange number 2 { name: 'yarnpkg', range: '*', hasData: true }
31 silly addNameRange versions [ 'yarnpkg', [ '0.0.0', '0.15.0', '0.15.1' ] ]
32 verbose addNamed yarnpkg@0.15.1
33 silly addNamed semver.valid 0.15.1
34 silly addNamed semver.validRange 0.15.1
35 warn deprecated yarnpkg@0.15.1: Please use the `yarn` package instead of `yarnpkg`
36 silly mapToRegistry name yarnpkg
37 silly mapToRegistry using default registry
38 silly mapToRegistry registry https://registry.npmjs.org/
39 silly mapToRegistry uri https://registry.npmjs.org/yarnpkg
40 verbose addRemoteTarball https://registry.npmjs.org/yarnpkg/-/yarnpkg-0.15.1.tgz not in flight; adding
41 verbose addRemoteTarball [ 'https://registry.npmjs.org/yarnpkg/-/yarnpkg-0.15.1.tgz',
41 verbose addRemoteTarball   '704741ba78f35478cd72d7fdae85b098d3108c31' ]
42 info retry fetch attempt 1 at 5:15:49 PM
43 info attempt registry request try #1 at 5:15:49 PM
44 http fetch GET https://registry.npmjs.org/yarnpkg/-/yarnpkg-0.15.1.tgz
45 http fetch 200 https://registry.npmjs.org/yarnpkg/-/yarnpkg-0.15.1.tgz
46 silly fetchAndShaCheck shasum 704741ba78f35478cd72d7fdae85b098d3108c31
47 verbose addTmpTarball C:\Users\u1274217\AppData\Local\Temp\npm-11492-4f5ccf8e\registry.npmjs.org\yarnpkg\-\yarnpkg-0.15.1.tgz not in flight; adding
48 verbose addTmpTarball already have metadata; skipping unpack for yarnpkg@0.15.1
49 silly cache afterAdd yarnpkg@0.15.1
50 verbose afterAdd C:\Users\u1274217\AppData\Roaming\npm-cache\yarnpkg\0.15.1\package\package.json not in flight; writing
51 verbose afterAdd C:\Users\u1274217\AppData\Roaming\npm-cache\yarnpkg\0.15.1\package\package.json written
52 verbose stack Error: ENOENT, open 'C:\Users\u1274217\source\repos\SBG\-'
52 verbose stack     at Error (native)
53 verbose cwd C:\Users\u1274217\source\repos\SBG
54 error Windows_NT 6.3.9600
55 error argv "C:\\Program Files (x86)\\nodejs\\\\node.exe" "C:\\Program Files (x86)\\nodejs\\node_modules\\npm\\bin\\npm-cli.js" "install" "-" "yarnpkg"
56 error node v0.12.2
57 error npm  v2.7.4
58 error path C:\Users\u1274217\source\repos\SBG\-
59 error code ENOENT
60 error errno -4058
61 error enoent ENOENT, open 'C:\Users\u1274217\source\repos\SBG\-'
61 error enoent This is most likely not a problem with npm itself
61 error enoent and is related to npm not being able to find a file.
62 verbose exit [ -4058, true ]
